<?xml version="1.0" encoding="UTF-8"?>
<testng-results skipped="0" failed="0" ignored="0" total="1" passed="1">
  <reporter-output>
  </reporter-output>
  <suite name="Amazon Automation Test" duration-ms="35531" started-at="2017-09-19T02:26:44Z" finished-at="2017-09-19T02:27:19Z">
    <groups>
    </groups>
    <test name="Amazon Home" duration-ms="35531" started-at="2017-09-19T02:26:44Z" finished-at="2017-09-19T02:27:19Z">
      <class name="page.TestAmazonSearch">
        <test-method status="PASS" signature="setUp(boolean, java.lang.String, java.lang.String, java.lang.String, java.lang.String, java.lang.String, java.lang.String)[pri:0, instance:page.TestAmazonSearch@97e1986]" name="setUp" is-config="true" duration-ms="22566" started-at="2017-09-18T20:26:44Z" finished-at="2017-09-18T20:27:07Z">
          <params>
            <param index="0">
              <value>
                <![CDATA[false]]>
              </value>
            </param>
            <param index="1">
              <value>
                <![CDATA[browserstack]]>
              </value>
            </param>
            <param index="2">
              <value>
                <![CDATA[Windows]]>
              </value>
            </param>
            <param index="3">
              <value>
                <![CDATA[Sierra]]>
              </value>
            </param>
            <param index="4">
              <value>
                <![CDATA[chrome]]>
              </value>
            </param>
            <param index="5">
              <value>
                <![CDATA[53.0]]>
              </value>
            </param>
            <param index="6">
              <value>
                <![CDATA[http://amazon.com]]>
              </value>
            </param>
          </params>
          <reporter-output>
          </reporter-output>
        </test-method> <!-- setUp -->
        <test-method status="PASS" signature="testHome()[pri:0, instance:page.TestAmazonSearch@97e1986]" name="testHome" duration-ms="12249" started-at="2017-09-18T20:27:07Z" finished-at="2017-09-18T20:27:19Z">
          <reporter-output>
          </reporter-output>
        </test-method> <!-- testHome -->
        <test-method status="PASS" signature="cleanUp()[pri:0, instance:page.TestAmazonSearch@97e1986]" name="cleanUp" is-config="true" duration-ms="662" started-at="2017-09-18T20:27:19Z" finished-at="2017-09-18T20:27:19Z">
          <reporter-output>
          </reporter-output>
        </test-method> <!-- cleanUp -->
      </class> <!-- page.TestAmazonSearch -->
    </test> <!-- Amazon Home -->
  </suite> <!-- Amazon Automation Test -->
</testng-results>
