<?xml version="1.0" encoding="UTF-8"?>
<testng-results skipped="0" failed="0" ignored="0" total="1" passed="1">
  <reporter-output>
  </reporter-output>
  <suite name="Walmart Automation Test" duration-ms="42071" started-at="2017-10-09T01:54:49Z" finished-at="2017-10-09T01:55:31Z">
    <groups>
    </groups>
    <test name="Walmart Home" duration-ms="42071" started-at="2017-10-09T01:54:49Z" finished-at="2017-10-09T01:55:31Z">
      <class name="walmartTesting.TestWalmartWeb">
        <test-method status="PASS" signature="setUp(boolean, java.lang.String, java.lang.String, java.lang.String, java.lang.String, java.lang.String, java.lang.String)[pri:0, instance:walmartTesting.TestWalmartWeb@7946e1f4]" name="setUp" is-config="true" duration-ms="20647" started-at="2017-10-08T19:54:49Z" finished-at="2017-10-08T19:55:10Z">
          <params>
            <param index="0">
              <value>
                <![CDATA[false]]>
              </value>
            </param>
            <param index="1">
              <value>
                <![CDATA[browserstack]]>
              </value>
            </param>
            <param index="2">
              <value>
                <![CDATA[Windows]]>
              </value>
            </param>
            <param index="3">
              <value>
                <![CDATA[8.1]]>
              </value>
            </param>
            <param index="4">
              <value>
                <![CDATA[Chrome]]>
              </value>
            </param>
            <param index="5">
              <value>
                <![CDATA[38.0]]>
              </value>
            </param>
            <param index="6">
              <value>
                <![CDATA[http://walmart.com]]>
              </value>
            </param>
          </params>
          <reporter-output>
          </reporter-output>
        </test-method> <!-- setUp -->
        <test-method status="PASS" signature="testHome()[pri:0, instance:walmartTesting.TestWalmartWeb@7946e1f4]" name="testHome" duration-ms="20813" started-at="2017-10-08T19:55:10Z" finished-at="2017-10-08T19:55:31Z">
          <reporter-output>
          </reporter-output>
        </test-method> <!-- testHome -->
        <test-method status="PASS" signature="cleanUp()[pri:0, instance:walmartTesting.TestWalmartWeb@7946e1f4]" name="cleanUp" is-config="true" duration-ms="524" started-at="2017-10-08T19:55:31Z" finished-at="2017-10-08T19:55:31Z">
          <reporter-output>
          </reporter-output>
        </test-method> <!-- cleanUp -->
      </class> <!-- walmartTesting.TestWalmartWeb -->
    </test> <!-- Walmart Home -->
  </suite> <!-- Walmart Automation Test -->
</testng-results>
