<?xml version="1.0" encoding="UTF-8"?>
<testng-results skipped="0" failed="0" ignored="0" total="1" passed="1">
  <reporter-output>
    <line>
      <![CDATA[Extent Report DirectoryC:\Users\arfeen\IdeaProjects\RazaWebAutomation\Walmart\target\surefire-reports\html]]>
    </line>
  </reporter-output>
  <suite name="Walmart Automation Test" duration-ms="43463" started-at="2017-10-11T18:53:31Z" finished-at="2017-10-11T18:54:15Z">
    <groups>
    </groups>
    <test name="Walmart Home" duration-ms="43463" started-at="2017-10-11T18:53:31Z" finished-at="2017-10-11T18:54:15Z">
      <class name="walmartTesting.TestWalmartWeb">
        <test-method status="PASS" signature="extentSetup(org.testng.ITestContext)[pri:0, instance:walmartTesting.TestWalmartWeb@573f2bb1]" name="extentSetup" is-config="true" duration-ms="1010" started-at="2017-10-11T12:53:30Z" finished-at="2017-10-11T12:53:31Z">
          <params>
            <param index="0">
              <value>
                <![CDATA[org.testng.TestRunner@1c32386d]]>
              </value>
            </param>
          </params>
          <reporter-output>
            <line>
              <![CDATA[Extent Report DirectoryC:\Users\arfeen\IdeaProjects\RazaWebAutomation\Walmart\target\surefire-reports\html]]>
            </line>
          </reporter-output>
        </test-method> <!-- extentSetup -->
        <test-method status="PASS" signature="setUp(boolean, java.lang.String, java.lang.String, java.lang.String, java.lang.String, java.lang.String, java.lang.String)[pri:0, instance:walmartTesting.TestWalmartWeb@573f2bb1]" name="setUp" is-config="true" duration-ms="21049" started-at="2017-10-11T12:53:31Z" finished-at="2017-10-11T12:53:53Z">
          <params>
            <param index="0">
              <value>
                <![CDATA[false]]>
              </value>
            </param>
            <param index="1">
              <value>
                <![CDATA[browserstack]]>
              </value>
            </param>
            <param index="2">
              <value>
                <![CDATA[Windows]]>
              </value>
            </param>
            <param index="3">
              <value>
                <![CDATA[8.1]]>
              </value>
            </param>
            <param index="4">
              <value>
                <![CDATA[Chrome]]>
              </value>
            </param>
            <param index="5">
              <value>
                <![CDATA[38.0]]>
              </value>
            </param>
            <param index="6">
              <value>
                <![CDATA[http://walmart.com]]>
              </value>
            </param>
          </params>
          <reporter-output>
          </reporter-output>
        </test-method> <!-- setUp -->
        <test-method status="PASS" signature="startExtent(java.lang.reflect.Method)[pri:0, instance:walmartTesting.TestWalmartWeb@573f2bb1]" name="startExtent" is-config="true" duration-ms="32" started-at="2017-10-11T12:53:53Z" finished-at="2017-10-11T12:53:53Z">
          <params>
            <param index="0">
              <value>
                <![CDATA[public void walmartTesting.TestWalmartWeb.testHome()]]>
              </value>
            </param>
          </params>
          <reporter-output>
          </reporter-output>
        </test-method> <!-- startExtent -->
        <test-method status="PASS" signature="testHome()[pri:0, instance:walmartTesting.TestWalmartWeb@573f2bb1]" name="testHome" duration-ms="20704" started-at="2017-10-11T12:53:53Z" finished-at="2017-10-11T12:54:13Z">
          <reporter-output>
          </reporter-output>
        </test-method> <!-- testHome -->
        <test-method status="PASS" signature="afterEachTestMethod(org.testng.ITestResult)[pri:0, instance:walmartTesting.TestWalmartWeb@573f2bb1]" name="afterEachTestMethod" is-config="true" duration-ms="1102" started-at="2017-10-11T12:54:13Z" finished-at="2017-10-11T12:54:14Z">
          <params>
            <param index="0">
              <value>
                <![CDATA[[TestResult name=testHome status=SUCCESS method=TestWalmartWeb.testHome()[pri:0, instance:walmartTesting.TestWalmartWeb@573f2bb1] output={null}]]]>
              </value>
            </param>
          </params>
          <reporter-output>
          </reporter-output>
        </test-method> <!-- afterEachTestMethod -->
        <test-method status="PASS" signature="cleanUp()[pri:0, instance:walmartTesting.TestWalmartWeb@573f2bb1]" name="cleanUp" is-config="true" duration-ms="525" started-at="2017-10-11T12:54:14Z" finished-at="2017-10-11T12:54:15Z">
          <reporter-output>
          </reporter-output>
        </test-method> <!-- cleanUp -->
        <test-method status="PASS" signature="generateReport()[pri:0, instance:walmartTesting.TestWalmartWeb@573f2bb1]" name="generateReport" is-config="true" duration-ms="351" started-at="2017-10-11T12:54:15Z" finished-at="2017-10-11T12:54:15Z">
          <reporter-output>
          </reporter-output>
        </test-method> <!-- generateReport -->
      </class> <!-- walmartTesting.TestWalmartWeb -->
    </test> <!-- Walmart Home -->
  </suite> <!-- Walmart Automation Test -->
</testng-results>
